Checking whether the ASM compiler is GNU using "--version" did not match "(GNU assembler)|(GCC)|(Free Software Foundation)":
Ubuntu clang version 14.0.0-1ubuntu1.1
Target: x86_64-pc-linux-gnu
Thread model: posix
InstalledDir: /usr/bin
Performing C++ SOURCE FILE Test OPENMP_HAVE_ONEAPI_COMPILER failed with the following output:
Change Dir: /home/pablo/Escritorio/TFG-repo/build/CMakeFiles/CMakeTmp

Run Build Command(s):/usr/bin/gmake -f Makefile cmTC_74b9c/fast && /usr/bin/gmake  -f CMakeFiles/cmTC_74b9c.dir/build.make CMakeFiles/cmTC_74b9c.dir/build
gmake[1]: se entra en el directorio '/home/pablo/Escritorio/TFG-repo/build/CMakeFiles/CMakeTmp'
Building CXX object CMakeFiles/cmTC_74b9c.dir/src.cxx.o
/usr/bin/clang++ -DOPENMP_HAVE_ONEAPI_COMPILER  -std=c++17 -MD -MT CMakeFiles/cmTC_74b9c.dir/src.cxx.o -MF CMakeFiles/cmTC_74b9c.dir/src.cxx.o.d -o CMakeFiles/cmTC_74b9c.dir/src.cxx.o -c /home/pablo/Escritorio/TFG-repo/build/CMakeFiles/CMakeTmp/src.cxx
/home/pablo/Escritorio/TFG-repo/build/CMakeFiles/CMakeTmp/src.cxx:4:30: error: expected unqualified-id
                             not oneAPI
                             ^
1 error generated.
gmake[1]: *** [CMakeFiles/cmTC_74b9c.dir/build.make:79: CMakeFiles/cmTC_74b9c.dir/src.cxx.o] Error 1
gmake[1]: se sale del directorio '/home/pablo/Escritorio/TFG-repo/build/CMakeFiles/CMakeTmp'
gmake: *** [Makefile:127: cmTC_74b9c/fast] Error 2


Source file was:
#if (defined(__INTEL_CLANG_COMPILER) || defined(__INTEL_LLVM_COMPILER))
                             int main() { return 0; }
                             #else
                             not oneAPI
                             #endif
Performing C++ SOURCE FILE Test OPENMP_HAVE_WMAYBE_UNINITIALIZED_FLAG failed with the following output:
Change Dir: /home/pablo/Escritorio/TFG-repo/build/CMakeFiles/CMakeTmp

Run Build Command(s):/usr/bin/gmake -f Makefile cmTC_79183/fast && /usr/bin/gmake  -f CMakeFiles/cmTC_79183.dir/build.make CMakeFiles/cmTC_79183.dir/build
gmake[1]: Entering directory '/home/pablo/Escritorio/TFG-repo/build/CMakeFiles/CMakeTmp'
Building CXX object CMakeFiles/cmTC_79183.dir/src.cxx.o
/usr/bin/clang++ -DOPENMP_HAVE_WMAYBE_UNINITIALIZED_FLAG  -Wmaybe-uninitialized -std=c++17 -MD -MT CMakeFiles/cmTC_79183.dir/src.cxx.o -MF CMakeFiles/cmTC_79183.dir/src.cxx.o.d -o CMakeFiles/cmTC_79183.dir/src.cxx.o -c /home/pablo/Escritorio/TFG-repo/build/CMakeFiles/CMakeTmp/src.cxx
warning: unknown warning option '-Wmaybe-uninitialized'; did you mean '-Wuninitialized'? [-Wunknown-warning-option]
1 warning generated.
Linking CXX executable cmTC_79183
/usr/bin/cmake -E cmake_link_script CMakeFiles/cmTC_79183.dir/link.txt --verbose=1
/usr/bin/clang++ CMakeFiles/cmTC_79183.dir/src.cxx.o -o cmTC_79183 
gmake[1]: Leaving directory '/home/pablo/Escritorio/TFG-repo/build/CMakeFiles/CMakeTmp'


Source file was:
int main() { return 0; }
Performing C++ SOURCE FILE Test OPENMP_HAVE_FUNCTION_SECTIONS failed with the following output:
Change Dir: /home/pablo/Escritorio/TFG-repo/build/CMakeFiles/CMakeTmp

Run Build Command(s):/usr/bin/gmake -f Makefile cmTC_d0d98/fast && /usr/bin/gmake  -f CMakeFiles/cmTC_d0d98.dir/build.make CMakeFiles/cmTC_d0d98.dir/build
gmake[1]: Entering directory '/home/pablo/Escritorio/TFG-repo/build/CMakeFiles/CMakeTmp'
Building CXX object CMakeFiles/cmTC_d0d98.dir/src.cxx.o
/usr/bin/clang++ -DOPENMP_HAVE_FUNCTION_SECTIONS  -ffunction-section -std=c++17 -MD -MT CMakeFiles/cmTC_d0d98.dir/src.cxx.o -MF CMakeFiles/cmTC_d0d98.dir/src.cxx.o.d -o CMakeFiles/cmTC_d0d98.dir/src.cxx.o -c /home/pablo/Escritorio/TFG-repo/build/CMakeFiles/CMakeTmp/src.cxx
clang: error: unknown argument '-ffunction-section'; did you mean '-ffunction-sections'?
gmake[1]: *** [CMakeFiles/cmTC_d0d98.dir/build.make:79: CMakeFiles/cmTC_d0d98.dir/src.cxx.o] Error 1
gmake[1]: Leaving directory '/home/pablo/Escritorio/TFG-repo/build/CMakeFiles/CMakeTmp'
gmake: *** [Makefile:127: cmTC_d0d98/fast] Error 2


Source file was:
int main() { return 0; }
Performing C++ SOURCE FILE Test LIBOMP_HAVE_WCLASS_MEMACCESS_FLAG failed with the following output:
Change Dir: /home/pablo/Escritorio/TFG-repo/build/CMakeFiles/CMakeTmp

Run Build Command(s):/usr/bin/gmake -f Makefile cmTC_a8d7c/fast && /usr/bin/gmake  -f CMakeFiles/cmTC_a8d7c.dir/build.make CMakeFiles/cmTC_a8d7c.dir/build
gmake[1]: Entering directory '/home/pablo/Escritorio/TFG-repo/build/CMakeFiles/CMakeTmp'
Building CXX object CMakeFiles/cmTC_a8d7c.dir/src.cxx.o
/usr/bin/clang++ -DLIBOMP_HAVE_WCLASS_MEMACCESS_FLAG  -Wall -fcolor-diagnostics -Wcast-qual -Wformat-pedantic -Wimplicit-fallthrough -Wsign-compare -Wno-extra -Wno-pedantic -fno-semantic-interposition -fdata-sections    -Wclass-memaccess -std=c++17 -MD -MT CMakeFiles/cmTC_a8d7c.dir/src.cxx.o -MF CMakeFiles/cmTC_a8d7c.dir/src.cxx.o.d -o CMakeFiles/cmTC_a8d7c.dir/src.cxx.o -c /home/pablo/Escritorio/TFG-repo/build/CMakeFiles/CMakeTmp/src.cxx
[0;1;35mwarning: [0m[1munknown warning option '-Wclass-memaccess'; did you mean '-Wclass-varargs'? [-Wunknown-warning-option][0m
1 warning generated.
Linking CXX executable cmTC_a8d7c
/usr/bin/cmake -E cmake_link_script CMakeFiles/cmTC_a8d7c.dir/link.txt --verbose=1
/usr/bin/clang++  -Wall -fcolor-diagnostics -Wcast-qual -Wformat-pedantic -Wimplicit-fallthrough -Wsign-compare -Wno-extra -Wno-pedantic -fno-semantic-interposition -fdata-sections  CMakeFiles/cmTC_a8d7c.dir/src.cxx.o -o cmTC_a8d7c 
gmake[1]: Leaving directory '/home/pablo/Escritorio/TFG-repo/build/CMakeFiles/CMakeTmp'


Source file was:
int main() { return 0; }
Performing C++ SOURCE FILE Test LIBOMP_HAVE_WSTRINGOP_OVERFLOW_FLAG failed with the following output:
Change Dir: /home/pablo/Escritorio/TFG-repo/build/CMakeFiles/CMakeTmp

Run Build Command(s):/usr/bin/gmake -f Makefile cmTC_4ddd8/fast && /usr/bin/gmake  -f CMakeFiles/cmTC_4ddd8.dir/build.make CMakeFiles/cmTC_4ddd8.dir/build
gmake[1]: Entering directory '/home/pablo/Escritorio/TFG-repo/build/CMakeFiles/CMakeTmp'
Building CXX object CMakeFiles/cmTC_4ddd8.dir/src.cxx.o
/usr/bin/clang++ -DLIBOMP_HAVE_WSTRINGOP_OVERFLOW_FLAG  -Wall -fcolor-diagnostics -Wcast-qual -Wformat-pedantic -Wimplicit-fallthrough -Wsign-compare -Wno-extra -Wno-pedantic -fno-semantic-interposition -fdata-sections    -Wstringop-overflow=0 -std=c++17 -MD -MT CMakeFiles/cmTC_4ddd8.dir/src.cxx.o -MF CMakeFiles/cmTC_4ddd8.dir/src.cxx.o.d -o CMakeFiles/cmTC_4ddd8.dir/src.cxx.o -c /home/pablo/Escritorio/TFG-repo/build/CMakeFiles/CMakeTmp/src.cxx
[0;1;35mwarning: [0m[1munknown warning option '-Wstringop-overflow=0'; did you mean '-Wshift-overflow'? [-Wunknown-warning-option][0m
1 warning generated.
Linking CXX executable cmTC_4ddd8
/usr/bin/cmake -E cmake_link_script CMakeFiles/cmTC_4ddd8.dir/link.txt --verbose=1
/usr/bin/clang++  -Wall -fcolor-diagnostics -Wcast-qual -Wformat-pedantic -Wimplicit-fallthrough -Wsign-compare -Wno-extra -Wno-pedantic -fno-semantic-interposition -fdata-sections  CMakeFiles/cmTC_4ddd8.dir/src.cxx.o -o cmTC_4ddd8 
gmake[1]: Leaving directory '/home/pablo/Escritorio/TFG-repo/build/CMakeFiles/CMakeTmp'


Source file was:
int main() { return 0; }
Performing C++ SOURCE FILE Test LIBOMP_HAVE_WSTRINGOP_TRUNCATION_FLAG failed with the following output:
Change Dir: /home/pablo/Escritorio/TFG-repo/build/CMakeFiles/CMakeTmp

Run Build Command(s):/usr/bin/gmake -f Makefile cmTC_49bdc/fast && /usr/bin/gmake  -f CMakeFiles/cmTC_49bdc.dir/build.make CMakeFiles/cmTC_49bdc.dir/build
gmake[1]: Entering directory '/home/pablo/Escritorio/TFG-repo/build/CMakeFiles/CMakeTmp'
Building CXX object CMakeFiles/cmTC_49bdc.dir/src.cxx.o
/usr/bin/clang++ -DLIBOMP_HAVE_WSTRINGOP_TRUNCATION_FLAG  -Wall -fcolor-diagnostics -Wcast-qual -Wformat-pedantic -Wimplicit-fallthrough -Wsign-compare -Wno-extra -Wno-pedantic -fno-semantic-interposition -fdata-sections    -Wstringop-truncation -std=c++17 -MD -MT CMakeFiles/cmTC_49bdc.dir/src.cxx.o -MF CMakeFiles/cmTC_49bdc.dir/src.cxx.o.d -o CMakeFiles/cmTC_49bdc.dir/src.cxx.o -c /home/pablo/Escritorio/TFG-repo/build/CMakeFiles/CMakeTmp/src.cxx
[0;1;35mwarning: [0m[1munknown warning option '-Wstringop-truncation'; did you mean '-Wstring-concatenation'? [-Wunknown-warning-option][0m
1 warning generated.
Linking CXX executable cmTC_49bdc
/usr/bin/cmake -E cmake_link_script CMakeFiles/cmTC_49bdc.dir/link.txt --verbose=1
/usr/bin/clang++  -Wall -fcolor-diagnostics -Wcast-qual -Wformat-pedantic -Wimplicit-fallthrough -Wsign-compare -Wno-extra -Wno-pedantic -fno-semantic-interposition -fdata-sections  CMakeFiles/cmTC_49bdc.dir/src.cxx.o -o cmTC_49bdc 
gmake[1]: Leaving directory '/home/pablo/Escritorio/TFG-repo/build/CMakeFiles/CMakeTmp'


Source file was:
int main() { return 0; }
Performing C SOURCE FILE Test LIBOMP_HAVE_MMIC_FLAG failed with the following output:
Change Dir: /home/pablo/Escritorio/TFG-repo/build/CMakeFiles/CMakeTmp

Run Build Command(s):/usr/bin/gmake -f Makefile cmTC_a5b82/fast && /usr/bin/gmake  -f CMakeFiles/cmTC_a5b82.dir/build.make CMakeFiles/cmTC_a5b82.dir/build
gmake[1]: Entering directory '/home/pablo/Escritorio/TFG-repo/build/CMakeFiles/CMakeTmp'
Building C object CMakeFiles/cmTC_a5b82.dir/src.c.o
/usr/bin/clang -DLIBOMP_HAVE_MMIC_FLAG  -Wall -fcolor-diagnostics -Wcast-qual -Wformat-pedantic -Wimplicit-fallthrough -Wsign-compare -Wno-extra -Wno-pedantic -fno-semantic-interposition -fdata-sections -mmic   -mmic -MD -MT CMakeFiles/cmTC_a5b82.dir/src.c.o -MF CMakeFiles/cmTC_a5b82.dir/src.c.o.d -o CMakeFiles/cmTC_a5b82.dir/src.c.o -c /home/pablo/Escritorio/TFG-repo/build/CMakeFiles/CMakeTmp/src.c
clang: [0;1;31merror: [0m[1munknown argument: '-mmic'[0m
clang: [0;1;31merror: [0m[1munknown argument: '-mmic'[0m
gmake[1]: *** [CMakeFiles/cmTC_a5b82.dir/build.make:79: CMakeFiles/cmTC_a5b82.dir/src.c.o] Error 1
gmake[1]: Leaving directory '/home/pablo/Escritorio/TFG-repo/build/CMakeFiles/CMakeTmp'
gmake: *** [Makefile:127: cmTC_a5b82/fast] Error 2


Source file was:
int main(void) { return 0; }
Performing C SOURCE FILE Test LIBOMP_HAVE_M32_FLAG failed with the following output:
Change Dir: /home/pablo/Escritorio/TFG-repo/build/CMakeFiles/CMakeTmp

Run Build Command(s):/usr/bin/gmake -f Makefile cmTC_0a31e/fast && /usr/bin/gmake  -f CMakeFiles/cmTC_0a31e.dir/build.make CMakeFiles/cmTC_0a31e.dir/build
gmake[1]: Entering directory '/home/pablo/Escritorio/TFG-repo/build/CMakeFiles/CMakeTmp'
Building C object CMakeFiles/cmTC_0a31e.dir/src.c.o
/usr/bin/clang -DLIBOMP_HAVE_M32_FLAG  -Wall -fcolor-diagnostics -Wcast-qual -Wformat-pedantic -Wimplicit-fallthrough -Wsign-compare -Wno-extra -Wno-pedantic -fno-semantic-interposition -fdata-sections -m32   -m32 -MD -MT CMakeFiles/cmTC_0a31e.dir/src.c.o -MF CMakeFiles/cmTC_0a31e.dir/src.c.o.d -o CMakeFiles/cmTC_0a31e.dir/src.c.o -c /home/pablo/Escritorio/TFG-repo/build/CMakeFiles/CMakeTmp/src.c
Linking C executable cmTC_0a31e
/usr/bin/cmake -E cmake_link_script CMakeFiles/cmTC_0a31e.dir/link.txt --verbose=1
/usr/bin/clang  -Wall -fcolor-diagnostics -Wcast-qual -Wformat-pedantic -Wimplicit-fallthrough -Wsign-compare -Wno-extra -Wno-pedantic -fno-semantic-interposition -fdata-sections -m32 CMakeFiles/cmTC_0a31e.dir/src.c.o -o cmTC_0a31e 
/usr/bin/ld: cannot find Scrt1.o: No such file or directory
/usr/bin/ld: cannot find crti.o: No such file or directory
/usr/bin/ld: cannot find crtbeginS.o: No such file or directory
/usr/bin/ld: cannot find -lgcc: No such file or directory
/usr/bin/ld: cannot find -lgcc_s: No such file or directory
/usr/bin/ld: skipping incompatible /usr/lib/x86_64-linux-gnu/libc.so when searching for -lc
/usr/bin/ld: skipping incompatible /usr/lib/x86_64-linux-gnu/libc.a when searching for -lc
/usr/bin/ld: cannot find -lc: No such file or directory
/usr/bin/ld: skipping incompatible /usr/lib/x86_64-linux-gnu/libc.so when searching for -lc
/usr/bin/ld: cannot find -lgcc: No such file or directory
/usr/bin/ld: cannot find -lgcc_s: No such file or directory
/usr/bin/ld: cannot find crtendS.o: No such file or directory
/usr/bin/ld: cannot find crtn.o: No such file or directory
clang: [0;1;31merror: [0m[1mlinker command failed with exit code 1 (use -v to see invocation)[0m
gmake[1]: *** [CMakeFiles/cmTC_0a31e.dir/build.make:100: cmTC_0a31e] Error 1
gmake[1]: Leaving directory '/home/pablo/Escritorio/TFG-repo/build/CMakeFiles/CMakeTmp'
gmake: *** [Makefile:127: cmTC_0a31e/fast] Error 2


Source file was:
int main(void) { return 0; }
Determining if the pthread_setname_np exist failed with the following output:
Change Dir: /home/pablo/Escritorio/TFG-repo/build/CMakeFiles/CMakeTmp

Run Build Command(s):/usr/bin/gmake -f Makefile cmTC_e9cd2/fast && /usr/bin/gmake  -f CMakeFiles/cmTC_e9cd2.dir/build.make CMakeFiles/cmTC_e9cd2.dir/build
gmake[1]: se entra en el directorio '/home/pablo/Escritorio/TFG-repo/build/CMakeFiles/CMakeTmp'
Building C object CMakeFiles/cmTC_e9cd2.dir/CheckSymbolExists.c.o
/usr/bin/clang   -Wall -fcolor-diagnostics -Wcast-qual -Wformat-pedantic -Wimplicit-fallthrough -Wsign-compare -Wno-extra -Wno-pedantic -fno-semantic-interposition -fdata-sections  -MD -MT CMakeFiles/cmTC_e9cd2.dir/CheckSymbolExists.c.o -MF CMakeFiles/cmTC_e9cd2.dir/CheckSymbolExists.c.o.d -o CMakeFiles/cmTC_e9cd2.dir/CheckSymbolExists.c.o -c /home/pablo/Escritorio/TFG-repo/build/CMakeFiles/CMakeTmp/CheckSymbolExists.c
[1m/home/pablo/Escritorio/TFG-repo/build/CMakeFiles/CMakeTmp/CheckSymbolExists.c:8:19: [0m[0;1;31merror: [0m[1muse of undeclared identifier 'pthread_setname_np'[0m
  return ((int*)(&pthread_setname_np))[argc];
[0;1;32m                  ^
[0m1 error generated.
gmake[1]: *** [CMakeFiles/cmTC_e9cd2.dir/build.make:79: CMakeFiles/cmTC_e9cd2.dir/CheckSymbolExists.c.o] Error 1
gmake[1]: se sale del directorio '/home/pablo/Escritorio/TFG-repo/build/CMakeFiles/CMakeTmp'
gmake: *** [Makefile:127: cmTC_e9cd2/fast] Error 2


File /home/pablo/Escritorio/TFG-repo/build/CMakeFiles/CMakeTmp/CheckSymbolExists.c:
/* */
#include <pthread.h>

int main(int argc, char** argv)
{
  (void)argv;
#ifndef pthread_setname_np
  return ((int*)(&pthread_setname_np))[argc];
#else
  (void)argc;
  return 0;
#endif
}
Determining if the pthread_set_name_np exist failed with the following output:
Change Dir: /home/pablo/Escritorio/TFG-repo/build/CMakeFiles/CMakeTmp

Run Build Command(s):/usr/bin/gmake -f Makefile cmTC_f6dba/fast && /usr/bin/gmake  -f CMakeFiles/cmTC_f6dba.dir/build.make CMakeFiles/cmTC_f6dba.dir/build
gmake[1]: se entra en el directorio '/home/pablo/Escritorio/TFG-repo/build/CMakeFiles/CMakeTmp'
Building C object CMakeFiles/cmTC_f6dba.dir/CheckSymbolExists.c.o
/usr/bin/clang   -Wall -fcolor-diagnostics -Wcast-qual -Wformat-pedantic -Wimplicit-fallthrough -Wsign-compare -Wno-extra -Wno-pedantic -fno-semantic-interposition -fdata-sections  -MD -MT CMakeFiles/cmTC_f6dba.dir/CheckSymbolExists.c.o -MF CMakeFiles/cmTC_f6dba.dir/CheckSymbolExists.c.o.d -o CMakeFiles/cmTC_f6dba.dir/CheckSymbolExists.c.o -c /home/pablo/Escritorio/TFG-repo/build/CMakeFiles/CMakeTmp/CheckSymbolExists.c
[1m/home/pablo/Escritorio/TFG-repo/build/CMakeFiles/CMakeTmp/CheckSymbolExists.c:3:10: [0m[0;1;31mfatal error: [0m[1m'pthread_np.h' file not found[0m
#include <pthread_np.h>
[0;1;32m         ^~~~~~~~~~~~~~
[0m1 error generated.
gmake[1]: *** [CMakeFiles/cmTC_f6dba.dir/build.make:79: CMakeFiles/cmTC_f6dba.dir/CheckSymbolExists.c.o] Error 1
gmake[1]: se sale del directorio '/home/pablo/Escritorio/TFG-repo/build/CMakeFiles/CMakeTmp'
gmake: *** [Makefile:127: cmTC_f6dba/fast] Error 2


File /home/pablo/Escritorio/TFG-repo/build/CMakeFiles/CMakeTmp/CheckSymbolExists.c:
/* */
#include <pthread.h>
#include <pthread_np.h>

int main(int argc, char** argv)
{
  (void)argv;
#ifndef pthread_set_name_np
  return ((int*)(&pthread_set_name_np))[argc];
#else
  (void)argc;
  return 0;
#endif
}
Determining if the _aligned_malloc exist failed with the following output:
Change Dir: /home/pablo/Escritorio/TFG-repo/build/CMakeFiles/CMakeTmp

Run Build Command(s):/usr/bin/gmake -f Makefile cmTC_06e92/fast && /usr/bin/gmake  -f CMakeFiles/cmTC_06e92.dir/build.make CMakeFiles/cmTC_06e92.dir/build
gmake[1]: se entra en el directorio '/home/pablo/Escritorio/TFG-repo/build/CMakeFiles/CMakeTmp'
Building C object CMakeFiles/cmTC_06e92.dir/CheckSymbolExists.c.o
/usr/bin/clang   -Wall -fcolor-diagnostics -Wcast-qual -Wformat-pedantic -Wimplicit-fallthrough -Wsign-compare -Wno-extra -Wno-pedantic -fno-semantic-interposition -fdata-sections  -MD -MT CMakeFiles/cmTC_06e92.dir/CheckSymbolExists.c.o -MF CMakeFiles/cmTC_06e92.dir/CheckSymbolExists.c.o.d -o CMakeFiles/cmTC_06e92.dir/CheckSymbolExists.c.o -c /home/pablo/Escritorio/TFG-repo/build/CMakeFiles/CMakeTmp/CheckSymbolExists.c
[1m/home/pablo/Escritorio/TFG-repo/build/CMakeFiles/CMakeTmp/CheckSymbolExists.c:8:19: [0m[0;1;31merror: [0m[1muse of undeclared identifier '_aligned_malloc'[0m
  return ((int*)(&_aligned_malloc))[argc];
[0;1;32m                  ^
[0m1 error generated.
gmake[1]: *** [CMakeFiles/cmTC_06e92.dir/build.make:79: CMakeFiles/cmTC_06e92.dir/CheckSymbolExists.c.o] Error 1
gmake[1]: se sale del directorio '/home/pablo/Escritorio/TFG-repo/build/CMakeFiles/CMakeTmp'
gmake: *** [Makefile:127: cmTC_06e92/fast] Error 2


File /home/pablo/Escritorio/TFG-repo/build/CMakeFiles/CMakeTmp/CheckSymbolExists.c:
/* */
#include <malloc.h>

int main(int argc, char** argv)
{
  (void)argv;
#ifndef _aligned_malloc
  return ((int*)(&_aligned_malloc))[argc];
#else
  (void)argc;
  return 0;
#endif
}
Performing C SOURCE FILE Test LIBOMP_HAVE_PSAPI failed with the following output:
Change Dir: /home/pablo/Escritorio/TFG-repo/build/CMakeFiles/CMakeTmp

Run Build Command(s):/usr/bin/gmake -f Makefile cmTC_aea38/fast && /usr/bin/gmake  -f CMakeFiles/cmTC_aea38.dir/build.make CMakeFiles/cmTC_aea38.dir/build
gmake[1]: se entra en el directorio '/home/pablo/Escritorio/TFG-repo/build/CMakeFiles/CMakeTmp'
Building C object CMakeFiles/cmTC_aea38.dir/src.c.o
/usr/bin/clang -DLIBOMP_HAVE_PSAPI  -Wall -fcolor-diagnostics -Wcast-qual -Wformat-pedantic -Wimplicit-fallthrough -Wsign-compare -Wno-extra -Wno-pedantic -fno-semantic-interposition -fdata-sections  -MD -MT CMakeFiles/cmTC_aea38.dir/src.c.o -MF CMakeFiles/cmTC_aea38.dir/src.c.o.d -o CMakeFiles/cmTC_aea38.dir/src.c.o -c /home/pablo/Escritorio/TFG-repo/build/CMakeFiles/CMakeTmp/src.c
[1m/home/pablo/Escritorio/TFG-repo/build/CMakeFiles/CMakeTmp/src.c:1:10: [0m[0;1;31mfatal error: [0m[1m'windows.h' file not found[0m
#include <windows.h>
[0;1;32m         ^~~~~~~~~~~
[0m1 error generated.
gmake[1]: *** [CMakeFiles/cmTC_aea38.dir/build.make:79: CMakeFiles/cmTC_aea38.dir/src.c.o] Error 1
gmake[1]: se sale del directorio '/home/pablo/Escritorio/TFG-repo/build/CMakeFiles/CMakeTmp'
gmake: *** [Makefile:127: cmTC_aea38/fast] Error 2


Source file was:
#include <windows.h>
  #include <psapi.h>
  int main(int artc, char** argv) {
    return EnumProcessModules(NULL, NULL, 0, NULL);
  }
Determining if the function __atomic_load_1 exists failed with the following output:
Change Dir: /home/pablo/Escritorio/TFG-repo/build/CMakeFiles/CMakeTmp

Run Build Command(s):/usr/bin/gmake -f Makefile cmTC_12f0a/fast && /usr/bin/gmake  -f CMakeFiles/cmTC_12f0a.dir/build.make CMakeFiles/cmTC_12f0a.dir/build
gmake[1]: se entra en el directorio '/home/pablo/Escritorio/TFG-repo/build/CMakeFiles/CMakeTmp'
Building C object CMakeFiles/cmTC_12f0a.dir/CheckFunctionExists.c.o
/usr/bin/clang   -Wall -fcolor-diagnostics -Wcast-qual -Wformat-pedantic -Wimplicit-fallthrough -Wsign-compare -Wno-extra -Wno-pedantic -fno-semantic-interposition -fdata-sections -DCHECK_FUNCTION_EXISTS=__atomic_load_1 -MD -MT CMakeFiles/cmTC_12f0a.dir/CheckFunctionExists.c.o -MF CMakeFiles/cmTC_12f0a.dir/CheckFunctionExists.c.o.d -o CMakeFiles/cmTC_12f0a.dir/CheckFunctionExists.c.o -c /usr/share/cmake-3.22/Modules/CheckFunctionExists.c
Linking C executable cmTC_12f0a
/usr/bin/cmake -E cmake_link_script CMakeFiles/cmTC_12f0a.dir/link.txt --verbose=1
/usr/bin/clang  -Wall -fcolor-diagnostics -Wcast-qual -Wformat-pedantic -Wimplicit-fallthrough -Wsign-compare -Wno-extra -Wno-pedantic -fno-semantic-interposition -fdata-sections -DCHECK_FUNCTION_EXISTS=__atomic_load_1 CMakeFiles/cmTC_12f0a.dir/CheckFunctionExists.c.o -o cmTC_12f0a 
/usr/bin/ld: CMakeFiles/cmTC_12f0a.dir/CheckFunctionExists.c.o: en la funci√≥n `main':
CheckFunctionExists.c:(.text+0x17): referencia a `__atomic_load_1' sin definir
clang: [0;1;31merror: [0m[1mlinker command failed with exit code 1 (use -v to see invocation)[0m
gmake[1]: *** [CMakeFiles/cmTC_12f0a.dir/build.make:100: cmTC_12f0a] Error 1
gmake[1]: se sale del directorio '/home/pablo/Escritorio/TFG-repo/build/CMakeFiles/CMakeTmp'
gmake: *** [Makefile:127: cmTC_12f0a/fast] Error 2



Determining if the function __atomic_load_1 exists failed with the following output:
Change Dir: /home/pablo/Escritorio/TFG-repo/build/CMakeFiles/CMakeTmp

Run Build Command(s):/usr/bin/gmake -f Makefile cmTC_9efc7/fast && /usr/bin/gmake  -f CMakeFiles/cmTC_9efc7.dir/build.make CMakeFiles/cmTC_9efc7.dir/build
gmake[1]: se entra en el directorio '/home/pablo/Escritorio/TFG-repo/build/CMakeFiles/CMakeTmp'
Building C object CMakeFiles/cmTC_9efc7.dir/CheckFunctionExists.c.o
/usr/bin/clang   -Wall -fcolor-diagnostics -Wcast-qual -Wformat-pedantic -Wimplicit-fallthrough -Wsign-compare -Wno-extra -Wno-pedantic -fno-semantic-interposition -fdata-sections -DCHECK_FUNCTION_EXISTS=__atomic_load_1 -MD -MT CMakeFiles/cmTC_9efc7.dir/CheckFunctionExists.c.o -MF CMakeFiles/cmTC_9efc7.dir/CheckFunctionExists.c.o.d -o CMakeFiles/cmTC_9efc7.dir/CheckFunctionExists.c.o -c /usr/share/cmake-3.22/Modules/CheckFunctionExists.c
Linking C executable cmTC_9efc7
/usr/bin/cmake -E cmake_link_script CMakeFiles/cmTC_9efc7.dir/link.txt --verbose=1
/usr/bin/clang  -Wall -fcolor-diagnostics -Wcast-qual -Wformat-pedantic -Wimplicit-fallthrough -Wsign-compare -Wno-extra -Wno-pedantic -fno-semantic-interposition -fdata-sections -DCHECK_FUNCTION_EXISTS=__atomic_load_1 CMakeFiles/cmTC_9efc7.dir/CheckFunctionExists.c.o -o cmTC_9efc7 
/usr/bin/ld: CMakeFiles/cmTC_9efc7.dir/CheckFunctionExists.c.o: en la funci√≥n `main':
CheckFunctionExists.c:(.text+0x17): referencia a `__atomic_load_1' sin definir
clang: [0;1;31merror: [0m[1mlinker command failed with exit code 1 (use -v to see invocation)[0m
gmake[1]: *** [CMakeFiles/cmTC_9efc7.dir/build.make:100: cmTC_9efc7] Error 1
gmake[1]: se sale del directorio '/home/pablo/Escritorio/TFG-repo/build/CMakeFiles/CMakeTmp'
gmake: *** [Makefile:127: cmTC_9efc7/fast] Error 2



